<?xml version="1.0" encoding="UTF-8"?>
<testsuite xmlns:xsi="http://www.w3.org/2001/XMLSchema-instance" xsi:noNamespaceSchemaLocation="https://maven.apache.org/surefire/maven-surefire-plugin/xsd/surefire-test-report-3.0.xsd" version="3.0" name="com.intuit.karate.gatling.javaapi.KarateProtocolBuilderTest" time="0.385" tests="2" errors="0" skipped="0" failures="0">
  <properties>
[...]
</properties>
  <testcase name="karateProtocol" classname="com.intuit.karate.gatling.javaapi.KarateProtocolBuilderTest" time="0.121"/>
  <testcase name="uriPatterns" classname="com.intuit.karate.gatling.javaapi.KarateProtocolBuilderTest" time="0.237"/>
</testsuite>